Command: vcs -f ro.include +v2k -R +lint=all -sverilog -full64 -timescale=1ns/10ps \
-debug_access+all -debug_region+cell+encrypt -debug_access -l ro.log +define++SIM=1 \
+testname=default -lca -kdb
                         Chronologic VCS (TM)
       Version W-2024.09-SP2_Full64 -- Mon Mar  9 16:17:17 2026

                    Copyright (c) 1991 - 2025 Synopsys, Inc.
   This software and the associated documentation are proprietary to Synopsys,
 Inc. This software may only be used in accordance with the terms and conditions
 of a written license agreement with Synopsys, Inc. All other use, reproduction,
   or distribution of this software is strictly prohibited.  Licensed Products
     communicate with Synopsys servers for the purpose of providing software
    updates, detecting software piracy and verifying that customers are using
    Licensed Products in conformity with the applicable License Key for such
  Licensed Products. Synopsys will use information gathered in connection with
    this process to deliver software updates and pursue software pirates and
                                   infringers.

 Inclusivity & Diversity - Visit SolvNetPlus to read the "Synopsys Statement on
            Inclusivity and Diversity" (Refer to article 000036315 at
                        https://solvnetplus.synopsys.com)


Warning-[LCA_FEATURES_ENABLED] Usage warning
  LCA features enabled by '-lca' argument on the command line.  For more 
  information regarding list of LCA features please refer to Chapter "LCA 
  features" in the VCS Release Notes

Parsing design file './ro.sv'
Parsing design file './tb_ro.sv'

Error-[NM] No modules defined
  No modules defined in current design file(s).  

1 warning
1 error
CPU time: .324 seconds to compile
