Command: vcs -f controller_saturate_viz.include +v2k -R +lint=all -sverilog -full64 \
-timescale=1ps/1ps -debug_access+all -l /nethome/ehuang303/SiliconJackets/Cac_Spring26/waveform_viz/fsdb/controller.log \
+define+SIM=1 +fsdbpath=/nethome/ehuang303/SiliconJackets/Cac_Spring26/waveform_viz/fsdb/controller.fsdb \
-lca -kdb
                         Chronologic VCS (TM)
       Version X-2025.06-SP2_Full64 -- Fri Mar 27 17:02:48 2026

                    Copyright (c) 1991 - 2025 Synopsys, Inc.
   This software and the associated documentation are proprietary to Synopsys,
 Inc. This software may only be used in accordance with the terms and conditions
 of a written license agreement with Synopsys, Inc. All other use, reproduction,
   or distribution of this software is strictly prohibited.  Licensed Products
     communicate with Synopsys servers for the purpose of providing software
    updates, detecting software piracy and verifying that customers are using
    Licensed Products in conformity with the applicable License Key for such
  Licensed Products. Synopsys will use information gathered in connection with
    this process to deliver software updates and pursue software pirates and
                                   infringers.

 Inclusivity & Diversity - Visit SolvNetPlus to read the "Synopsys Statement on
            Inclusivity and Diversity" (Refer to article 000036315 at
                        https://solvnetplus.synopsys.com)


Warning-[LCA_FEATURES_ENABLED] Usage warning
  LCA features enabled by '-lca' argument on the command line.  For more 
  information regarding list of LCA features please refer to Chapter "LCA 
  features" in the VCS Release Notes

Parsing design file './controller_saturate.sv'
Parsing design file './tb_controller_viz.sv'

Lint-[NS] Null statement
./tb_controller_viz.sv, 31
  Null statement is used in following verilog source.
  Source info:         repeat (2) @(posedge clk_in);


Lint-[NS] Null statement
./tb_controller_viz.sv, 33
  Null statement is used in following verilog source.
  Source info:         @(posedge clk_in);


Lint-[NS] Null statement
./tb_controller_viz.sv, 37
  Null statement is used in following verilog source.
  Source info:         repeat (40) @(posedge clk_in);


Lint-[NS] Null statement
./tb_controller_viz.sv, 40
  Null statement is used in following verilog source.
  Source info:         repeat (8) @(posedge clk_in);


Lint-[NS] Null statement
./tb_controller_viz.sv, 43
  Null statement is used in following verilog source.
  Source info:         repeat (40) @(posedge clk_in);


Lint-[NS] Null statement
./tb_controller_viz.sv, 46
  Null statement is used in following verilog source.
  Source info:         repeat (4) @(posedge clk_in);

Top Level Modules:
       tb_controller_viz
TimeScale is 1 ps / 1 ps

Lint-[WMIA-L] Width mismatch in assignment
./tb_controller_viz.sv, 24
  Width mismatch between LHS and RHS is found in assignment:
  The following 72-bit wide expression is assigned to a 4096-bit LHS target:
  Source info: fsdbpath = "dump.fsdb";
  Expression: fsdbpath


Lint-[WMIA-L] Width mismatch in assignment
./tb_controller_viz.sv, 30
  Width mismatch between LHS and RHS is found in assignment:
  The following 32-bit wide expression is assigned to a 1-bit LHS target:
  Source info: rst = 1;
  Expression: rst


Lint-[WMIA-L] Width mismatch in assignment
./tb_controller_viz.sv, 30
  Width mismatch between LHS and RHS is found in assignment:
  The following 32-bit wide expression is assigned to a 1-bit LHS target:
  Source info: up = 0;
  Expression: up


Lint-[WMIA-L] Width mismatch in assignment
./tb_controller_viz.sv, 30
  Width mismatch between LHS and RHS is found in assignment:
  The following 32-bit wide expression is assigned to a 1-bit LHS target:
  Source info: down = 0;
  Expression: down


Lint-[WMIA-L] Width mismatch in assignment
./tb_controller_viz.sv, 32
  Width mismatch between LHS and RHS is found in assignment:
  The following 32-bit wide expression is assigned to a 1-bit LHS target:
  Source info: rst = 0;
  Expression: rst


Lint-[WMIA-L] Width mismatch in assignment
./tb_controller_viz.sv, 36
  Width mismatch between LHS and RHS is found in assignment:
  The following 32-bit wide expression is assigned to a 1-bit LHS target:
  Source info: up = 1;
  Expression: up


Lint-[WMIA-L] Width mismatch in assignment
./tb_controller_viz.sv, 36
  Width mismatch between LHS and RHS is found in assignment:
  The following 32-bit wide expression is assigned to a 1-bit LHS target:
  Source info: down = 0;
  Expression: down


Lint-[WMIA-L] Width mismatch in assignment
./tb_controller_viz.sv, 39
  Width mismatch between LHS and RHS is found in assignment:
  The following 32-bit wide expression is assigned to a 1-bit LHS target:
  Source info: up = 0;
  Expression: up


Lint-[WMIA-L] Width mismatch in assignment
./tb_controller_viz.sv, 39
  Width mismatch between LHS and RHS is found in assignment:
  The following 32-bit wide expression is assigned to a 1-bit LHS target:
  Source info: down = 0;
  Expression: down


Lint-[WMIA-L] Width mismatch in assignment
./tb_controller_viz.sv, 42
  Width mismatch between LHS and RHS is found in assignment:
  The following 32-bit wide expression is assigned to a 1-bit LHS target:
  Source info: up = 0;
  Expression: up


Lint-[WMIA-L] Width mismatch in assignment
./tb_controller_viz.sv, 42
  Width mismatch between LHS and RHS is found in assignment:
  The following 32-bit wide expression is assigned to a 1-bit LHS target:
  Source info: down = 1;
  Expression: down


Lint-[WMIA-L] Width mismatch in assignment
./tb_controller_viz.sv, 45
  Width mismatch between LHS and RHS is found in assignment:
  The following 32-bit wide expression is assigned to a 1-bit LHS target:
  Source info: up = 0;
  Expression: up


Lint-[WMIA-L] Width mismatch in assignment
./tb_controller_viz.sv, 45
  Width mismatch between LHS and RHS is found in assignment:
  The following 32-bit wide expression is assigned to a 1-bit LHS target:
  Source info: down = 0;
  Expression: down

Starting vcs inline pass...
2 modules and 0 UDP read.
recompiling module controller
recompiling module tb_controller_viz
Both modules done.
rm -f _cuarc*.so _csrc*.so pre_vcsobj_*.so share_vcsobj_*.so
if [ -x ../simv ]; then chmod a-x ../simv; fi
g++  -o ../simv      -rdynamic  -Wl,-rpath='$ORIGIN'/simv.daidir -Wl,-rpath=./simv.daidir \
-Wl,-rpath=/tools/software/synopsys/vcs/latest/linux64/lib -L/tools/software/synopsys/vcs/latest/linux64/lib \
-Wl,-rpath-link=./   objs/amcQw_d.o   _193402_archive_1.so   SIM_l.o       rmapats_mop.o \
rmapats.o rmar.o rmar_nd.o  rmar_llvm_0_1.o rmar_llvm_0_0.o            -lnuma -lvirsim \
-lerrorinf -lsnpsmalloc -lvfs      -lvcsnew -ldistsimclient -lsimprofile -luclinative \
/tools/software/synopsys/vcs/latest/linux64/lib/vcs_tls.o   -Wl,-whole-archive  -lvcsucli \
-Wl,-no-whole-archive        _vcs_pli_stub_.o   /tools/software/synopsys/vcs/latest/linux64/lib/vcs_save_restore_new.o \
/tools/software/synopsys/verdi/latest/share/PLI/VCS/LINUX64/pli.a -ldl  -lc -lm -lpthread \
-ldl 
../simv up to date
Command: /nethome/ehuang303/SiliconJackets/Cac_Spring26/design_root/sim/behav/./simv +v2k +lint=all -a /nethome/ehuang303/SiliconJackets/Cac_Spring26/waveform_viz/fsdb/controller.log +define+SIM=1 +fsdbpath=/nethome/ehuang303/SiliconJackets/Cac_Spring26/waveform_viz/fsdb/controller.fsdb -lca
Chronologic VCS simulator copyright 1991-2025
Contains Synopsys proprietary information.
Compiler version X-2025.06-SP2_Full64; Runtime version X-2025.06-SP2_Full64;  Mar 27 17:02 2026
*Verdi* Loading libsscore_vcs202506.so
FSDB Dumper for VCS, Release Verdi_X-2025.06-SP2, Linux x86_64/64bit, 11/27/2025
(C) 1996 - 2025 by Synopsys, Inc.
*Verdi* : Create FSDB file '/nethome/ehuang303/SiliconJackets/Cac_Spring26/waveform_viz/fsdb/controller.fsdb'
*Verdi* : Begin traversing the scope (tb_controller_viz.dut), layer (0).
*Verdi* : End of traversing.
$finish called from file "./tb_controller_viz.sv", line 48.
$finish at simulation time               945000
           V C S   S i m u l a t i o n   R e p o r t 
Time: 945000 ps
CPU Time:      0.390 seconds;       Data structure size:   0.0Mb
Fri Mar 27 17:02:50 2026
CPU time: .643 seconds to compile + .456 seconds to elab + .496 seconds to link + .451 seconds in simulation
Verdi KDB elaboration done and the database successfully generated
