Command: vcs -f inv_dcdl_glitch_free.include +v2k -R +lint=all -sverilog -full64 \
-timescale=1ns/10ps -debug_access+all -debug_region+cell+encrypt -debug_access -l \
inv_dcdl_glitch_free.log +define++SIM=1 +testname=DEFAULT -lca -kdb
                         Chronologic VCS (TM)
       Version X-2025.06-SP2_Full64 -- Tue Apr 14 20:08:09 2026

                    Copyright (c) 1991 - 2025 Synopsys, Inc.
   This software and the associated documentation are proprietary to Synopsys,
 Inc. This software may only be used in accordance with the terms and conditions
 of a written license agreement with Synopsys, Inc. All other use, reproduction,
   or distribution of this software is strictly prohibited.  Licensed Products
     communicate with Synopsys servers for the purpose of providing software
    updates, detecting software piracy and verifying that customers are using
    Licensed Products in conformity with the applicable License Key for such
  Licensed Products. Synopsys will use information gathered in connection with
    this process to deliver software updates and pursue software pirates and
                                   infringers.

 Inclusivity & Diversity - Visit SolvNetPlus to read the "Synopsys Statement on
            Inclusivity and Diversity" (Refer to article 000036315 at
                        https://solvnetplus.synopsys.com)


Warning-[LCA_FEATURES_ENABLED] Usage warning
  LCA features enabled by '-lca' argument on the command line.  For more 
  information regarding list of LCA features please refer to Chapter "LCA 
  features" in the VCS Release Notes

Parsing design file '../../src/verilog/parts/dcdl/gates/inverter.sv'
Parsing design file '../../src/verilog/parts/dcdl/gates/nand2.sv'
Parsing design file '../../src/verilog/parts/dcdl/inv_dcdl_glitch_free/inv_dcdl_glitch_free.sv'
Parsing design file '../../src/verilog/parts/dcdl/inv_dcdl_glitch_free/tb_inv_dcdl_glitch_free.sv'

Lint-[NS] Null statement
../../src/verilog/parts/dcdl/inv_dcdl_glitch_free/tb_inv_dcdl_glitch_free.sv, 45
  Null statement is used in following verilog source.
  Source info:         @(posedge clk);


Lint-[NS] Null statement
../../src/verilog/parts/dcdl/inv_dcdl_glitch_free/tb_inv_dcdl_glitch_free.sv, 49
  Null statement is used in following verilog source.
  Source info:         @(posedge clk);


Lint-[NS] Null statement
../../src/verilog/parts/dcdl/inv_dcdl_glitch_free/tb_inv_dcdl_glitch_free.sv, 53
  Null statement is used in following verilog source.
  Source info:         @(posedge clk);


Lint-[NS] Null statement
../../src/verilog/parts/dcdl/inv_dcdl_glitch_free/tb_inv_dcdl_glitch_free.sv, 69
  Null statement is used in following verilog source.
  Source info:         repeat (2) @(posedge clk);


Lint-[NS] Null statement
../../src/verilog/parts/dcdl/inv_dcdl_glitch_free/tb_inv_dcdl_glitch_free.sv, 71
  Null statement is used in following verilog source.
  Source info:         @(posedge clk);


Lint-[NS] Null statement
../../src/verilog/parts/dcdl/inv_dcdl_glitch_free/tb_inv_dcdl_glitch_free.sv, 80
  Null statement is used in following verilog source.
  Source info:         #10;

Top Level Modules:
       tb_inv_dcdl_glitch_free
TimeScale is 1 ns / 1 ps

Lint-[WMIA-L] Width mismatch in assignment
../../src/verilog/parts/dcdl/inv_dcdl_glitch_free/tb_inv_dcdl_glitch_free.sv, 21
  Width mismatch between LHS and RHS is found in assignment:
  The following 32-bit wide expression is assigned to a 1-bit LHS target:
  Source info: clk = 0;
  Expression: clk


Lint-[WMIA-L] Width mismatch in assignment
../../src/verilog/parts/dcdl/inv_dcdl_glitch_free/tb_inv_dcdl_glitch_free.sv, 61
  Width mismatch between LHS and RHS is found in assignment:
  The following 32-bit wide expression is assigned to a 1-bit LHS target:
  Source info: rst_n = 0;
  Expression: rst_n


Lint-[WMIA-L] Width mismatch in assignment
../../src/verilog/parts/dcdl/inv_dcdl_glitch_free/tb_inv_dcdl_glitch_free.sv, 62
  Width mismatch between LHS and RHS is found in assignment:
  The following 32-bit wide expression is assigned to a 1-bit LHS target:
  Source info: A = 0;
  Expression: A


Lint-[WMIA-L] Width mismatch in assignment
../../src/verilog/parts/dcdl/inv_dcdl_glitch_free/tb_inv_dcdl_glitch_free.sv, 70
  Width mismatch between LHS and RHS is found in assignment:
  The following 32-bit wide expression is assigned to a 1-bit LHS target:
  Source info: rst_n = 1;
  Expression: rst_n


Lint-[WMIA-L] Width mismatch in assignment
../../src/verilog/parts/dcdl/inv_dcdl_glitch_free/tb_inv_dcdl_glitch_free.sv, 48
  Width mismatch between LHS and RHS is found in assignment:
  The following 32-bit wide expression is assigned to a 1-bit LHS target:
  Source info: A = 1;
  Expression: A


Lint-[WMIA-L] Width mismatch in assignment
../../src/verilog/parts/dcdl/inv_dcdl_glitch_free/tb_inv_dcdl_glitch_free.sv, 52
  Width mismatch between LHS and RHS is found in assignment:
  The following 32-bit wide expression is assigned to a 1-bit LHS target:
  Source info: A = 0;
  Expression: A

Starting vcs inline pass...
1 module and 0 UDP read.
recompiling module tb_inv_dcdl_glitch_free
make[1]: Entering directory '/nethome/araj92/final_codeachiprepo/CaC_Spring26/design_root/sim/behav/csrc' \

rm -f _cuarc*.so _csrc*.so pre_vcsobj_*.so share_vcsobj_*.so
if [ -x ../simv ]; then chmod a-x ../simv; fi
g++  -o ../simv      -rdynamic  -Wl,-rpath='$ORIGIN'/simv.daidir -Wl,-rpath=./simv.daidir \
-Wl,-rpath=/tools/software/synopsys/vcs/latest/linux64/lib -L/tools/software/synopsys/vcs/latest/linux64/lib \
-Wl,-rpath-link=./   objs/amcQw_d.o   _3952677_archive_1.so _prev_archive_1.so   \
SIM_l.o       rmapats_mop.o rmapats.o rmar.o rmar_nd.o  rmar_llvm_0_1.o rmar_llvm_0_0.o \
-lnuma -lvirsim -lerrorinf -lsnpsmalloc -lvfs      -lvcsnew -ldistsimclient -lsimprofile \
-luclinative /tools/software/synopsys/vcs/latest/linux64/lib/vcs_tls.o   -Wl,-whole-archive \
-lvcsucli    -Wl,-no-whole-archive        _vcs_pli_stub_.o   /tools/software/synopsys/vcs/latest/linux64/lib/vcs_save_restore_new.o \
/tools/software/synopsys/verdi/latest/share/PLI/VCS/LINUX64/pli.a -ldl  -lc -lm -lpthread \
-ldl 
../simv up to date
make[1]: Leaving directory '/nethome/araj92/final_codeachiprepo/CaC_Spring26/design_root/sim/behav/csrc' \

Command: /nethome/araj92/final_codeachiprepo/CaC_Spring26/design_root/sim/behav/./simv +v2k +lint=all -a inv_dcdl_glitch_free.log +define++SIM=1 +testname=DEFAULT -lca
Chronologic VCS simulator copyright 1991-2025
Contains Synopsys proprietary information.
Compiler version X-2025.06-SP2_Full64; Runtime version X-2025.06-SP2_Full64;  Apr 14 20:08 2026
[0] A changed to 0 | Q=00
[0] Y changed to 0 | Q=00

=======================
Testing Q = 00
=======================
[35000] A changed to 1 | Q=00
[35000] Y changed to 1 | Q=00
[45000] A changed to 0 | Q=00
[45000] Y changed to 0 | Q=00

=======================
Testing Q = 01
=======================
[65000] A changed to 1 | Q=01
[65000] Y changed to 1 | Q=01
[75000] A changed to 0 | Q=01
[75000] Y changed to 0 | Q=01

=======================
Testing Q = 10
=======================
[95000] A changed to 1 | Q=10
[95000] Y changed to 1 | Q=10
[105000] A changed to 0 | Q=10
[105000] Y changed to 0 | Q=10

=======================
Testing Q = 11
=======================
[125000] A changed to 1 | Q=11
[125000] Y changed to 1 | Q=11
[135000] A changed to 0 | Q=11
[135000] Y changed to 0 | Q=11

Simulation Done.
$finish called from file "../../src/verilog/parts/dcdl/inv_dcdl_glitch_free/tb_inv_dcdl_glitch_free.sv", line 81.
$finish at simulation time               155000
           V C S   S i m u l a t i o n   R e p o r t 
Time: 155000 ps
CPU Time:      0.350 seconds;       Data structure size:   0.0Mb
Tue Apr 14 20:08:11 2026
CPU time: .656 seconds to compile + .413 seconds to elab + .453 seconds to link + .408 seconds in simulation
Verdi KDB elaboration done and the database successfully generated
