Command: vcs -f nand_dcdl.include +v2k -R +lint=all -sverilog -full64 -timescale=1ns/10ps \
-debug_access+all -debug_region+cell+encrypt -debug_access -l nand_dcdl.log +define++SIM=1 \
+testname=DEFAULT -lca -kdb
                         Chronologic VCS (TM)
       Version X-2025.06-SP2_Full64 -- Mon Apr 13 22:53:21 2026

                    Copyright (c) 1991 - 2025 Synopsys, Inc.
   This software and the associated documentation are proprietary to Synopsys,
 Inc. This software may only be used in accordance with the terms and conditions
 of a written license agreement with Synopsys, Inc. All other use, reproduction,
   or distribution of this software is strictly prohibited.  Licensed Products
     communicate with Synopsys servers for the purpose of providing software
    updates, detecting software piracy and verifying that customers are using
    Licensed Products in conformity with the applicable License Key for such
  Licensed Products. Synopsys will use information gathered in connection with
    this process to deliver software updates and pursue software pirates and
                                   infringers.

 Inclusivity & Diversity - Visit SolvNetPlus to read the "Synopsys Statement on
            Inclusivity and Diversity" (Refer to article 000036315 at
                        https://solvnetplus.synopsys.com)


Warning-[LCA_FEATURES_ENABLED] Usage warning
  LCA features enabled by '-lca' argument on the command line.  For more 
  information regarding list of LCA features please refer to Chapter "LCA 
  features" in the VCS Release Notes

Parsing design file '../../src/verilog/parts/dcdl/gates/nand2.sv'
Parsing design file '../../src/verilog/parts/dcdl/gates/inverter.sv'
Parsing design file '../../src/verilog/parts/dcdl/nand_dcdl/nand_dcdl_cell.sv'
Parsing design file '../../src/verilog/parts/dcdl/nand_dcdl/dll_shift_register.sv'
Parsing design file '../../src/verilog/parts/dcdl/nand_dcdl/nand_dcdl.sv'

Warning-[V2KKW] Reserved word used as identifier
../../src/verilog/parts/dcdl/nand_dcdl/nand_dcdl.sv, 19
  'cell' is a reserved word introduced in Verilog 2001 (IEEE standard 
  1364-2001) and may not be used as an identifier.
  To avoid possible compatibility issue(s) in the future, please rename the 
  identifier.


Warning-[V2KKW] Reserved word used as identifier
../../src/verilog/parts/dcdl/nand_dcdl/nand_dcdl.sv, 27
  'cell' is a reserved word introduced in Verilog 2001 (IEEE standard 
  1364-2001) and may not be used as an identifier.
  To avoid possible compatibility issue(s) in the future, please rename the 
  identifier.

Parsing design file '../../src/verilog/parts/dcdl/nand_dcdl/nand_dcdl_top.sv'
Parsing design file '../../src/verilog/parts/dcdl/nand_dcdl/tb_nand_dcdl_top.sv'

Lint-[NS] Null statement
../../src/verilog/parts/dcdl/nand_dcdl/tb_nand_dcdl_top.sv, 53
  Null statement is used in following verilog source.
  Source info:             @(negedge clk);


Lint-[NS] Null statement
../../src/verilog/parts/dcdl/nand_dcdl/tb_nand_dcdl_top.sv, 57
  Null statement is used in following verilog source.
  Source info:             @(posedge clk);


Lint-[NS] Null statement
../../src/verilog/parts/dcdl/nand_dcdl/tb_nand_dcdl_top.sv, 58
  Null statement is used in following verilog source.
  Source info:             @(negedge clk);


Lint-[NS] Null statement
../../src/verilog/parts/dcdl/nand_dcdl/tb_nand_dcdl_top.sv, 77
  Null statement is used in following verilog source.
  Source info:         #2000;


Lint-[NS] Null statement
../../src/verilog/parts/dcdl/nand_dcdl/tb_nand_dcdl_top.sv, 79
  Null statement is used in following verilog source.
  Source info:         @(posedge clk);


Lint-[NS] Null statement
../../src/verilog/parts/dcdl/nand_dcdl/tb_nand_dcdl_top.sv, 89
  Null statement is used in following verilog source.
  Source info:             #1000;


Lint-[NS] Null statement
../../src/verilog/parts/dcdl/nand_dcdl/tb_nand_dcdl_top.sv, 91
  Null statement is used in following verilog source.
  Source info:             #2000;


Lint-[NS] Null statement
../../src/verilog/parts/dcdl/nand_dcdl/tb_nand_dcdl_top.sv, 103
  Null statement is used in following verilog source.
  Source info:             #1000;


Lint-[NS] Null statement
../../src/verilog/parts/dcdl/nand_dcdl/tb_nand_dcdl_top.sv, 105
  Null statement is used in following verilog source.
  Source info:             #2000;


Lint-[NS] Null statement
../../src/verilog/parts/dcdl/nand_dcdl/tb_nand_dcdl_top.sv, 111
  Null statement is used in following verilog source.
  Source info:         #5000;

Top Level Modules:
       nand2
       inverter
       tb_dcdl_delay

Warning-[AOUP] Attempt to override undefined parameter
../../src/verilog/parts/dcdl/nand_dcdl/nand_dcdl_top.sv, 21
  Attempting to override undefined parameter "N", will ignore it.

TimeScale is 1 ps / 1 ps

Lint-[PCWM-L] Port connection width mismatch
../../src/verilog/parts/dcdl/nand_dcdl/nand_dcdl_top.sv, 21
"dll_shift_register sr( .clk (clk),  .rst_n (rst_n),  .shift_left (shift_left),  .shift_right (shift_right),  .Q (Q));"
  The following 64-bit expression is connected to 4-bit port "Q" of module 
  "dll_shift_register", instance "sr".
  Expression: Q
  The expression is from module nand_dcdl_top, instance dut 

Starting vcs inline pass...
4 modules and 0 UDP read.
recompiling module nand_dcdl_cell
recompiling module tb_dcdl_delay
Both modules done.
	However, due to incremental compilation, only 2 modules need to be compiled. 
make[1]: Entering directory '/nethome/araj92/final_codeachiprepo/CaC_Spring26/design_root/sim/behav/csrc' \

rm -f _cuarc*.so _csrc*.so pre_vcsobj_*.so share_vcsobj_*.so
if [ -x ../simv ]; then chmod a-x ../simv; fi
g++  -o ../simv      -rdynamic  -Wl,-rpath='$ORIGIN'/simv.daidir -Wl,-rpath=./simv.daidir \
-Wl,-rpath=/tools/software/synopsys/vcs/latest/linux64/lib -L/tools/software/synopsys/vcs/latest/linux64/lib \
-Wl,-rpath-link=./   objs/amcQw_d.o   _3579833_archive_1.so _prev_archive_1.so   \
SIM_l.o       rmapats_mop.o rmapats.o rmar.o rmar_nd.o  rmar_llvm_0_1.o rmar_llvm_0_0.o \
-lnuma -lvirsim -lerrorinf -lsnpsmalloc -lvfs      -lvcsnew -ldistsimclient -lsimprofile \
-luclinative /tools/software/synopsys/vcs/latest/linux64/lib/vcs_tls.o   -Wl,-whole-archive \
-lvcsucli    -Wl,-no-whole-archive        _vcs_pli_stub_.o   /tools/software/synopsys/vcs/latest/linux64/lib/vcs_save_restore_new.o \
/tools/software/synopsys/verdi/latest/share/PLI/VCS/LINUX64/pli.a -ldl  -lc -lm -lpthread \
-ldl 
../simv up to date
make[1]: Leaving directory '/nethome/araj92/final_codeachiprepo/CaC_Spring26/design_root/sim/behav/csrc' \

Command: /nethome/araj92/final_codeachiprepo/CaC_Spring26/design_root/sim/behav/./simv +v2k +lint=all -a nand_dcdl.log +define++SIM=1 +testname=DEFAULT -lca
Chronologic VCS simulator copyright 1991-2025
Contains Synopsys proprietary information.
Compiler version X-2025.06-SP2_Full64; Runtime version X-2025.06-SP2_Full64;  Apr 13 22:53 2026
===== DCDL DELAY TEST (N=64) =====
Stage=0 | Q=0000000000000000000000000000000000000000000000000000000000000001 | Delay = 294 ps

--- Measuring delay per stage ---
Stage=0 | Q=0000000000000000000000000000000000000000000000000000000000000001 | Delay = 200 ps
Stage=0 | Q=0000000000000000000000000000000000000000000000000000000000000001 | Delay = 200 ps
Stage=1 | Q=0000000000000000000000000000000000000000000000000000000000000010 | Delay = 400 ps
Stage=1 | Q=0000000000000000000000000000000000000000000000000000000000000010 | Delay = 400 ps
Stage=2 | Q=0000000000000000000000000000000000000000000000000000000000000100 | Delay = 600 ps
Stage=2 | Q=0000000000000000000000000000000000000000000000000000000000000100 | Delay = 600 ps
Stage=3 | Q=0000000000000000000000000000000000000000000000000000000000001000 | Delay = 800 ps
Stage=3 | Q=0000000000000000000000000000000000000000000000000000000000001000 | Delay = 800 ps
Stage=4 | Q=0000000000000000000000000000000000000000000000000000000000000001 | Delay = 200 ps
Stage=4 | Q=0000000000000000000000000000000000000000000000000000000000000001 | Delay = 200 ps
Stage=5 | Q=0000000000000000000000000000000000000000000000000000000000000010 | Delay = 400 ps
Stage=5 | Q=0000000000000000000000000000000000000000000000000000000000000010 | Delay = 400 ps
Stage=6 | Q=0000000000000000000000000000000000000000000000000000000000000100 | Delay = 600 ps
Stage=6 | Q=0000000000000000000000000000000000000000000000000000000000000100 | Delay = 600 ps
Stage=7 | Q=0000000000000000000000000000000000000000000000000000000000001000 | Delay = 800 ps
Stage=7 | Q=0000000000000000000000000000000000000000000000000000000000001000 | Delay = 800 ps
Stage=8 | Q=0000000000000000000000000000000000000000000000000000000000000001 | Delay = 200 ps
Stage=8 | Q=0000000000000000000000000000000000000000000000000000000000000001 | Delay = 200 ps
Stage=9 | Q=0000000000000000000000000000000000000000000000000000000000000010 | Delay = 400 ps
Stage=9 | Q=0000000000000000000000000000000000000000000000000000000000000010 | Delay = 400 ps
Stage=10 | Q=0000000000000000000000000000000000000000000000000000000000000100 | Delay = 600 ps
Stage=10 | Q=0000000000000000000000000000000000000000000000000000000000000100 | Delay = 600 ps
Stage=11 | Q=0000000000000000000000000000000000000000000000000000000000001000 | Delay = 800 ps
Stage=11 | Q=0000000000000000000000000000000000000000000000000000000000001000 | Delay = 800 ps
Stage=12 | Q=0000000000000000000000000000000000000000000000000000000000000001 | Delay = 200 ps
Stage=12 | Q=0000000000000000000000000000000000000000000000000000000000000001 | Delay = 200 ps
Stage=13 | Q=0000000000000000000000000000000000000000000000000000000000000010 | Delay = 400 ps
Stage=13 | Q=0000000000000000000000000000000000000000000000000000000000000010 | Delay = 400 ps
Stage=14 | Q=0000000000000000000000000000000000000000000000000000000000000100 | Delay = 600 ps
Stage=14 | Q=0000000000000000000000000000000000000000000000000000000000000100 | Delay = 600 ps
Stage=15 | Q=0000000000000000000000000000000000000000000000000000000000001000 | Delay = 800 ps
Stage=15 | Q=0000000000000000000000000000000000000000000000000000000000001000 | Delay = 800 ps
Stage=16 | Q=0000000000000000000000000000000000000000000000000000000000000001 | Delay = 200 ps
Stage=16 | Q=0000000000000000000000000000000000000000000000000000000000000001 | Delay = 200 ps
Stage=17 | Q=0000000000000000000000000000000000000000000000000000000000000010 | Delay = 400 ps
Stage=17 | Q=0000000000000000000000000000000000000000000000000000000000000010 | Delay = 400 ps
Stage=18 | Q=0000000000000000000000000000000000000000000000000000000000000100 | Delay = 600 ps
Stage=18 | Q=0000000000000000000000000000000000000000000000000000000000000100 | Delay = 600 ps
Stage=19 | Q=0000000000000000000000000000000000000000000000000000000000001000 | Delay = 800 ps
Stage=19 | Q=0000000000000000000000000000000000000000000000000000000000001000 | Delay = 800 ps
Stage=20 | Q=0000000000000000000000000000000000000000000000000000000000000001 | Delay = 200 ps
Stage=20 | Q=0000000000000000000000000000000000000000000000000000000000000001 | Delay = 200 ps
Stage=21 | Q=0000000000000000000000000000000000000000000000000000000000000010 | Delay = 400 ps
Stage=21 | Q=0000000000000000000000000000000000000000000000000000000000000010 | Delay = 400 ps
Stage=22 | Q=0000000000000000000000000000000000000000000000000000000000000100 | Delay = 600 ps
Stage=22 | Q=0000000000000000000000000000000000000000000000000000000000000100 | Delay = 600 ps
Stage=23 | Q=0000000000000000000000000000000000000000000000000000000000001000 | Delay = 800 ps
Stage=23 | Q=0000000000000000000000000000000000000000000000000000000000001000 | Delay = 800 ps
Stage=24 | Q=0000000000000000000000000000000000000000000000000000000000000001 | Delay = 200 ps
Stage=24 | Q=0000000000000000000000000000000000000000000000000000000000000001 | Delay = 200 ps
Stage=25 | Q=0000000000000000000000000000000000000000000000000000000000000010 | Delay = 400 ps
Stage=25 | Q=0000000000000000000000000000000000000000000000000000000000000010 | Delay = 400 ps
Stage=26 | Q=0000000000000000000000000000000000000000000000000000000000000100 | Delay = 600 ps
Stage=26 | Q=0000000000000000000000000000000000000000000000000000000000000100 | Delay = 600 ps
Stage=27 | Q=0000000000000000000000000000000000000000000000000000000000001000 | Delay = 800 ps
Stage=27 | Q=0000000000000000000000000000000000000000000000000000000000001000 | Delay = 800 ps
Stage=28 | Q=0000000000000000000000000000000000000000000000000000000000000001 | Delay = 200 ps
Stage=28 | Q=0000000000000000000000000000000000000000000000000000000000000001 | Delay = 200 ps
Stage=29 | Q=0000000000000000000000000000000000000000000000000000000000000010 | Delay = 400 ps
Stage=29 | Q=0000000000000000000000000000000000000000000000000000000000000010 | Delay = 400 ps
Stage=30 | Q=0000000000000000000000000000000000000000000000000000000000000100 | Delay = 600 ps
Stage=30 | Q=0000000000000000000000000000000000000000000000000000000000000100 | Delay = 600 ps
Stage=31 | Q=0000000000000000000000000000000000000000000000000000000000001000 | Delay = 800 ps
Stage=31 | Q=0000000000000000000000000000000000000000000000000000000000001000 | Delay = 800 ps
Stage=32 | Q=0000000000000000000000000000000000000000000000000000000000000001 | Delay = 200 ps
Stage=32 | Q=0000000000000000000000000000000000000000000000000000000000000001 | Delay = 200 ps
Stage=33 | Q=0000000000000000000000000000000000000000000000000000000000000010 | Delay = 400 ps
Stage=33 | Q=0000000000000000000000000000000000000000000000000000000000000010 | Delay = 400 ps
Stage=34 | Q=0000000000000000000000000000000000000000000000000000000000000100 | Delay = 600 ps
Stage=34 | Q=0000000000000000000000000000000000000000000000000000000000000100 | Delay = 600 ps
Stage=35 | Q=0000000000000000000000000000000000000000000000000000000000001000 | Delay = 800 ps
Stage=35 | Q=0000000000000000000000000000000000000000000000000000000000001000 | Delay = 800 ps
Stage=36 | Q=0000000000000000000000000000000000000000000000000000000000000001 | Delay = 200 ps
Stage=36 | Q=0000000000000000000000000000000000000000000000000000000000000001 | Delay = 200 ps
Stage=37 | Q=0000000000000000000000000000000000000000000000000000000000000010 | Delay = 400 ps
Stage=37 | Q=0000000000000000000000000000000000000000000000000000000000000010 | Delay = 400 ps
Stage=38 | Q=0000000000000000000000000000000000000000000000000000000000000100 | Delay = 600 ps
Stage=38 | Q=0000000000000000000000000000000000000000000000000000000000000100 | Delay = 600 ps
Stage=39 | Q=0000000000000000000000000000000000000000000000000000000000001000 | Delay = 800 ps
Stage=39 | Q=0000000000000000000000000000000000000000000000000000000000001000 | Delay = 800 ps
Stage=40 | Q=0000000000000000000000000000000000000000000000000000000000000001 | Delay = 200 ps
Stage=40 | Q=0000000000000000000000000000000000000000000000000000000000000001 | Delay = 200 ps
Stage=41 | Q=0000000000000000000000000000000000000000000000000000000000000010 | Delay = 400 ps
Stage=41 | Q=0000000000000000000000000000000000000000000000000000000000000010 | Delay = 400 ps
Stage=42 | Q=0000000000000000000000000000000000000000000000000000000000000100 | Delay = 600 ps
Stage=42 | Q=0000000000000000000000000000000000000000000000000000000000000100 | Delay = 600 ps
Stage=43 | Q=0000000000000000000000000000000000000000000000000000000000001000 | Delay = 800 ps
Stage=43 | Q=0000000000000000000000000000000000000000000000000000000000001000 | Delay = 800 ps
Stage=44 | Q=0000000000000000000000000000000000000000000000000000000000000001 | Delay = 200 ps
Stage=44 | Q=0000000000000000000000000000000000000000000000000000000000000001 | Delay = 200 ps
Stage=45 | Q=0000000000000000000000000000000000000000000000000000000000000010 | Delay = 400 ps
Stage=45 | Q=0000000000000000000000000000000000000000000000000000000000000010 | Delay = 400 ps
Stage=46 | Q=0000000000000000000000000000000000000000000000000000000000000100 | Delay = 600 ps
Stage=46 | Q=0000000000000000000000000000000000000000000000000000000000000100 | Delay = 600 ps
Stage=47 | Q=0000000000000000000000000000000000000000000000000000000000001000 | Delay = 800 ps
Stage=47 | Q=0000000000000000000000000000000000000000000000000000000000001000 | Delay = 800 ps
Stage=48 | Q=0000000000000000000000000000000000000000000000000000000000000001 | Delay = 200 ps
Stage=48 | Q=0000000000000000000000000000000000000000000000000000000000000001 | Delay = 200 ps
Stage=49 | Q=0000000000000000000000000000000000000000000000000000000000000010 | Delay = 400 ps
Stage=49 | Q=0000000000000000000000000000000000000000000000000000000000000010 | Delay = 400 ps
Stage=50 | Q=0000000000000000000000000000000000000000000000000000000000000100 | Delay = 600 ps
Stage=50 | Q=0000000000000000000000000000000000000000000000000000000000000100 | Delay = 600 ps
Stage=51 | Q=0000000000000000000000000000000000000000000000000000000000001000 | Delay = 800 ps
Stage=51 | Q=0000000000000000000000000000000000000000000000000000000000001000 | Delay = 800 ps
Stage=52 | Q=0000000000000000000000000000000000000000000000000000000000000001 | Delay = 200 ps
Stage=52 | Q=0000000000000000000000000000000000000000000000000000000000000001 | Delay = 200 ps
Stage=53 | Q=0000000000000000000000000000000000000000000000000000000000000010 | Delay = 400 ps
Stage=53 | Q=0000000000000000000000000000000000000000000000000000000000000010 | Delay = 400 ps
Stage=54 | Q=0000000000000000000000000000000000000000000000000000000000000100 | Delay = 600 ps
Stage=54 | Q=0000000000000000000000000000000000000000000000000000000000000100 | Delay = 600 ps
Stage=55 | Q=0000000000000000000000000000000000000000000000000000000000001000 | Delay = 800 ps
Stage=55 | Q=0000000000000000000000000000000000000000000000000000000000001000 | Delay = 800 ps
Stage=56 | Q=0000000000000000000000000000000000000000000000000000000000000001 | Delay = 200 ps
Stage=56 | Q=0000000000000000000000000000000000000000000000000000000000000001 | Delay = 200 ps
Stage=57 | Q=0000000000000000000000000000000000000000000000000000000000000010 | Delay = 400 ps
Stage=57 | Q=0000000000000000000000000000000000000000000000000000000000000010 | Delay = 400 ps
Stage=58 | Q=0000000000000000000000000000000000000000000000000000000000000100 | Delay = 600 ps
Stage=58 | Q=0000000000000000000000000000000000000000000000000000000000000100 | Delay = 600 ps
Stage=59 | Q=0000000000000000000000000000000000000000000000000000000000001000 | Delay = 800 ps
Stage=59 | Q=0000000000000000000000000000000000000000000000000000000000001000 | Delay = 800 ps
Stage=60 | Q=0000000000000000000000000000000000000000000000000000000000000001 | Delay = 200 ps
Stage=60 | Q=0000000000000000000000000000000000000000000000000000000000000001 | Delay = 200 ps
Stage=61 | Q=0000000000000000000000000000000000000000000000000000000000000010 | Delay = 400 ps
Stage=61 | Q=0000000000000000000000000000000000000000000000000000000000000010 | Delay = 400 ps
Stage=62 | Q=0000000000000000000000000000000000000000000000000000000000000100 | Delay = 600 ps
Stage=62 | Q=0000000000000000000000000000000000000000000000000000000000000100 | Delay = 600 ps
Stage=63 | Q=0000000000000000000000000000000000000000000000000000000000001000 | Delay = 800 ps
Stage=63 | Q=0000000000000000000000000000000000000000000000000000000000001000 | Delay = 800 ps

--- Second sweep (stability check) ---
Stage=63 | Q=0000000000000000000000000000000000000000000000000000000000000001 | Delay = 200 ps
Stage=63 | Q=0000000000000000000000000000000000000000000000000000000000000001 | Delay = 200 ps
Stage=63 | Q=0000000000000000000000000000000000000000000000000000000000000010 | Delay = 400 ps
Stage=63 | Q=0000000000000000000000000000000000000000000000000000000000000010 | Delay = 400 ps
Stage=63 | Q=0000000000000000000000000000000000000000000000000000000000000100 | Delay = 600 ps
Stage=63 | Q=0000000000000000000000000000000000000000000000000000000000000100 | Delay = 600 ps
Stage=63 | Q=0000000000000000000000000000000000000000000000000000000000001000 | Delay = 800 ps
Stage=63 | Q=0000000000000000000000000000000000000000000000000000000000001000 | Delay = 800 ps
Stage=63 | Q=0000000000000000000000000000000000000000000000000000000000000001 | Delay = 200 ps
Stage=63 | Q=0000000000000000000000000000000000000000000000000000000000000001 | Delay = 200 ps
Stage=63 | Q=0000000000000000000000000000000000000000000000000000000000000010 | Delay = 400 ps
Stage=63 | Q=0000000000000000000000000000000000000000000000000000000000000010 | Delay = 400 ps
Stage=63 | Q=0000000000000000000000000000000000000000000000000000000000000100 | Delay = 600 ps
Stage=63 | Q=0000000000000000000000000000000000000000000000000000000000000100 | Delay = 600 ps
Stage=63 | Q=0000000000000000000000000000000000000000000000000000000000001000 | Delay = 800 ps
Stage=63 | Q=0000000000000000000000000000000000000000000000000000000000001000 | Delay = 800 ps
$finish called from file "../../src/verilog/parts/dcdl/nand_dcdl/tb_nand_dcdl_top.sv", line 112.
$finish at simulation time              1445000
           V C S   S i m u l a t i o n   R e p o r t 
Time: 1445000 ps
CPU Time:      0.350 seconds;       Data structure size:   0.0Mb
Mon Apr 13 22:53:24 2026
CPU time: .729 seconds to compile + .448 seconds to elab + .473 seconds to link + .405 seconds in simulation
Verdi KDB elaboration done and the database successfully generated
