Command: vcs -f zdb_top_behav.include +v2k -R +lint=all -sverilog -full64 -timescale=1ns/10ps \
-debug_access+all -debug_region+cell+encrypt -debug_access -l zdb_top_behav.log +define+ccdSIM \
+testname=default -lca -kdb
                         Chronologic VCS (TM)
       Version X-2025.06-SP2_Full64 -- Tue Apr 14 23:12:15 2026

                    Copyright (c) 1991 - 2025 Synopsys, Inc.
   This software and the associated documentation are proprietary to Synopsys,
 Inc. This software may only be used in accordance with the terms and conditions
 of a written license agreement with Synopsys, Inc. All other use, reproduction,
   or distribution of this software is strictly prohibited.  Licensed Products
     communicate with Synopsys servers for the purpose of providing software
    updates, detecting software piracy and verifying that customers are using
    Licensed Products in conformity with the applicable License Key for such
  Licensed Products. Synopsys will use information gathered in connection with
    this process to deliver software updates and pursue software pirates and
                                   infringers.

 Inclusivity & Diversity - Visit SolvNetPlus to read the "Synopsys Statement on
            Inclusivity and Diversity" (Refer to article 000036315 at
                        https://solvnetplus.synopsys.com)


Warning-[LCA_FEATURES_ENABLED] Usage warning
  LCA features enabled by '-lca' argument on the command line.  For more 
  information regarding list of LCA features please refer to Chapter "LCA 
  features" in the VCS Release Notes

Parsing design file './tb_zdb_top_behav.sv'

Lint-[NS] Null statement
./tb_zdb_top_behav.sv, 37
  Null statement is used in following verilog source.
  Source info:         #1.3;


Lint-[NS] Null statement
./tb_zdb_top_behav.sv, 43
  Null statement is used in following verilog source.
  Source info:         #50;


Lint-[NS] Null statement
./tb_zdb_top_behav.sv, 101
  Null statement is used in following verilog source.
  Source info:             #20;


Lint-[NS] Null statement
./tb_zdb_top_behav.sv, 107
  Null statement is used in following verilog source.
  Source info:         #100000;

Parsing design file './zdb_top_behav.sv'
Parsing design file './zdb_phase_detector_behav.sv'
Parsing design file './zdb_dcdl_behav.sv'
Parsing design file './zdb_controller_behav.sv'

Lint-[NS] Null statement
./zdb_controller_behav.sv, 37
  Null statement is used in following verilog source.
  Source info:                 default: ;

Top Level Modules:
       tb_zdb
TimeScale is 1 ns / 1 ps

Lint-[WMIA-L] Width mismatch in assignment
./tb_zdb_top_behav.sv, 36
  Width mismatch between LHS and RHS is found in assignment:
  The following 32-bit wide expression is assigned to a 1-bit LHS target:
  Source info: clk_in = 0;
  Expression: clk_in


Lint-[WMIA-L] Width mismatch in assignment
./tb_zdb_top_behav.sv, 42
  Width mismatch between LHS and RHS is found in assignment:
  The following 32-bit wide expression is assigned to a 1-bit LHS target:
  Source info: rst = 1;
  Expression: rst


Lint-[WMIA-L] Width mismatch in assignment
./tb_zdb_top_behav.sv, 44
  Width mismatch between LHS and RHS is found in assignment:
  The following 32-bit wide expression is assigned to a 1-bit LHS target:
  Source info: rst = 0;
  Expression: rst


Lint-[WMIA-L] Width mismatch in assignment
./tb_zdb_top_behav.sv, 69
  Width mismatch between LHS and RHS is found in assignment:
  The following 32-bit wide expression is assigned to a 64-bit LHS target:
  Source info: phase_error -= CLK_PERIOD;
  Expression: phase_error


Lint-[WMIA-L] Width mismatch in assignment
./tb_zdb_top_behav.sv, 72
  Width mismatch between LHS and RHS is found in assignment:
  The following 32-bit wide expression is assigned to a 64-bit LHS target:
  Source info: phase_error += CLK_PERIOD;
  Expression: phase_error


Lint-[WMIA-L] Width mismatch in assignment
./zdb_top_behav.sv, 50
  Width mismatch between LHS and RHS is found in assignment:
  The following 32-bit wide expression is assigned to a 2-bit LHS target:
  Source info: update_div <= 0;
  Expression: update_div


Lint-[WMIA-L] Width mismatch in assignment
./zdb_top_behav.sv, 52
  Width mismatch between LHS and RHS is found in assignment:
  The following 32-bit wide expression is assigned to a 2-bit LHS target:
  Source info: update_div <= (update_div + 1);
  Expression: update_div


Lint-[WMIA-L] Width mismatch in assignment
./zdb_top_behav.sv, 74
  Width mismatch between LHS and RHS is found in assignment:
  The following 32-bit wide expression is assigned to a 6-bit LHS target:
  Source info: lock_cnt <= 0;
  Expression: lock_cnt


Lint-[WMIA-L] Width mismatch in assignment
./zdb_top_behav.sv, 75
  Width mismatch between LHS and RHS is found in assignment:
  The following 32-bit wide expression is assigned to a 1-bit LHS target:
  Source info: locked_r <= 0;
  Expression: locked_r


Lint-[ULCO] Unequal length in comparison operator
./zdb_top_behav.sv, 78
zdb_top, "(lock_cnt < LOCK_COUNT_MAX)"
  A left 6-bit expression is compared to a right 32-bit expression.
  Comparing 'lock_cnt' of type reg [($clog2((LOCK_COUNT_MAX + 1)) - 1):0]
  with 'LOCK_COUNT_MAX' of type integer.


Lint-[WMIA-L] Width mismatch in assignment
./zdb_top_behav.sv, 79
  Width mismatch between LHS and RHS is found in assignment:
  The following 32-bit wide expression is assigned to a 6-bit LHS target:
  Source info: lock_cnt <= (lock_cnt + 1);
  Expression: lock_cnt


Lint-[WMIA-L] Width mismatch in assignment
./zdb_top_behav.sv, 81
  Width mismatch between LHS and RHS is found in assignment:
  The following 32-bit wide expression is assigned to a 6-bit LHS target:
  Source info: lock_cnt <= 0;
  Expression: lock_cnt


Lint-[ULCO] Unequal length in comparison operator
./zdb_top_behav.sv, 84
zdb_top, "(lock_cnt >= LOCK_COUNT_MAX)"
  A left 6-bit expression is compared to a right 32-bit expression.
  Comparing 'lock_cnt' of type reg [($clog2((LOCK_COUNT_MAX + 1)) - 1):0]
  with 'LOCK_COUNT_MAX' of type integer.


Lint-[WMIA-L] Width mismatch in assignment
./zdb_dcdl_behav.sv, 28
  Width mismatch between LHS and RHS is found in assignment:
  The following 32-bit wide expression is assigned to a 6-bit LHS target:
  Source info: ctrl_r = 0;
  Expression: ctrl_r

Starting vcs inline pass...
1 module and 0 UDP read.
recompiling module tb_zdb
make[1]: Entering directory '/nethome/mmuralikannan3/CaC_ALL/CaC_Spring26/design_root/sim/behav/csrc' \

rm -f _cuarc*.so _csrc*.so pre_vcsobj_*.so share_vcsobj_*.so
if [ -x ../simv ]; then chmod a-x ../simv; fi
g++  -o ../simv      -rdynamic  -Wl,-rpath='$ORIGIN'/simv.daidir -Wl,-rpath=./simv.daidir \
-Wl,-rpath=/tools/software/synopsys/vcs/latest/linux64/lib -L/tools/software/synopsys/vcs/latest/linux64/lib \
-Wl,-rpath-link=./   objs/amcQw_d.o   _1451374_archive_1.so _prev_archive_1.so   \
SIM_l.o       rmapats_mop.o rmapats.o rmar.o rmar_nd.o  rmar_llvm_0_1.o rmar_llvm_0_0.o \
-lnuma -lvirsim -lerrorinf -lsnpsmalloc -lvfs      -lvcsnew -ldistsimclient -lsimprofile \
-luclinative /tools/software/synopsys/vcs/latest/linux64/lib/vcs_tls.o   -Wl,-whole-archive \
-lvcsucli    -Wl,-no-whole-archive        _vcs_pli_stub_.o   /tools/software/synopsys/vcs/latest/linux64/lib/vcs_save_restore_new.o \
/tools/software/synopsys/verdi/latest/share/PLI/VCS/LINUX64/pli.a -ldl  -lc -lm -lpthread \
-ldl 
../simv up to date
make[1]: Leaving directory '/nethome/mmuralikannan3/CaC_ALL/CaC_Spring26/design_root/sim/behav/csrc' \

Command: /nethome/mmuralikannan3/CaC_ALL/CaC_Spring26/design_root/sim/behav/./simv +v2k +lint=all -a zdb_top_behav.log +define+ccdSIM +testname=default -lca
Chronologic VCS simulator copyright 1991-2025
Contains Synopsys proprietary information.
Compiler version X-2025.06-SP2_Full64; Runtime version X-2025.06-SP2_Full64;  Apr 14 23:12 2026
t=39000 ctrl=32 phase_err=-1.600
t=79000 ctrl=33 phase_err=-0.900
t=119000 ctrl=34 phase_err=-0.900
t=159000 ctrl=34 phase_err=-0.200
t=199000 ctrl=33 phase_err=-0.200
====================================
LOCK ACHIEVED at t=235000
Final phase error = 0.500 ns
Final ctrl = 35
====================================
$finish called from file "./tb_zdb_top_behav.sv", line 102.
$finish at simulation time               255300
           V C S   S i m u l a t i o n   R e p o r t 
Time: 255300 ps
CPU Time:      0.160 seconds;       Data structure size:   0.0Mb
Tue Apr 14 23:12:17 2026
CPU time: .355 seconds to compile + .240 seconds to elab + .268 seconds to link + .195 seconds in simulation
Verdi KDB elaboration done and the database successfully generated
